<?xml version="1.0" encoding="UTF-8"?>
<!-- Generated by org.testng.reporters.JUnitXMLReporter -->
<testsuite hostname="LAPTOP-3Q9FF48L" ignored="0" name="Default test" tests="3" failures="0" timestamp="17 Jun 2020 09:37:37 GMT" time="15.342" errors="0">
  <testcase name="@BeforeMethod launchBrowserSetup" time="15.302" classname="com.Salesforce.qa.LoginTest.LoginPageTest">
    <failure type="org.openqa.selenium.SessionNotCreatedException" message="session not created
from chrome not reachable
  (Session info: chrome=83.0.4103.97)
Build info: version: &amp;apos;3.4.0&amp;apos;, revision: &amp;apos;unknown&amp;apos;, time: &amp;apos;unknown&amp;apos;
System info: host: &amp;apos;LAPTOP-3Q9FF48L&amp;apos;, ip: &amp;apos;192.168.99.1&amp;apos;, os.name: &amp;apos;Windows 10&amp;apos;, os.arch: &amp;apos;amd64&amp;apos;, os.version: &amp;apos;10.0&amp;apos;, java.version: &amp;apos;1.8.0_161&amp;apos;
Driver info: driver.version: ChromeDriver
remote stacktrace: Backtrace:
	Ordinal0 [0x00E39563+2725219]
	Ordinal0 [0x00D38551+1672529]
	Ordinal0 [0x00C20202+524802]
	Ordinal0 [0x00C199B2+498098]
	Ordinal0 [0x00C1A09B+499867]
	Ordinal0 [0x00C1AFF5+503797]
	Ordinal0 [0x00C16994+485780]
	Ordinal0 [0x00C20FF0+528368]
	Ordinal0 [0x00BCD6C9+186057]
	Ordinal0 [0x00BCCA3D+182845]
	Ordinal0 [0x00BCA94B+174411]
	Ordinal0 [0x00BB2528+75048]
	Ordinal0 [0x00BB35A0+79264]
	Ordinal0 [0x00BB3539+79161]
	Ordinal0 [0x00D4D607+1758727]
	GetHandleVerifier [0x00F56546+1050150]
	GetHandleVerifier [0x00F56291+1049457]
	GetHandleVerifier [0x00F610D7+1094071]
	GetHandleVerifier [0x00F56B46+1051686]
	Ordinal0 [0x00D45B06+1727238]
	Ordinal0 [0x00D4EB7B+1764219]
	Ordinal0 [0x00D4ECE3+1764579]
	Ordinal0 [0x00D64C05+1854469]
	BaseThreadInitThunk [0x74BA6359+25]
	RtlGetAppContainerNamedObjectPath [0x77047C24+228]
	RtlGetAppContainerNamedObjectPath [0x77047BF4+180]
">
      <![CDATA[org.openqa.selenium.SessionNotCreatedException: session not created
from chrome not reachable
  (Session info: chrome=83.0.4103.97)
Build info: version: '3.4.0', revision: 'unknown', time: 'unknown'
System info: host: 'LAPTOP-3Q9FF48L', ip: '192.168.99.1', os.name: 'Windows 10', os.arch: 'amd64', os.version: '10.0', java.version: '1.8.0_161'
Driver info: driver.version: ChromeDriver
remote stacktrace: Backtrace:
Ordinal0 [0x00E39563+2725219]
Ordinal0 [0x00D38551+1672529]
Ordinal0 [0x00C20202+524802]
Ordinal0 [0x00C199B2+498098]
Ordinal0 [0x00C1A09B+499867]
Ordinal0 [0x00C1AFF5+503797]
Ordinal0 [0x00C16994+485780]
Ordinal0 [0x00C20FF0+528368]
Ordinal0 [0x00BCD6C9+186057]
Ordinal0 [0x00BCCA3D+182845]
Ordinal0 [0x00BCA94B+174411]
Ordinal0 [0x00BB2528+75048]
Ordinal0 [0x00BB35A0+79264]
Ordinal0 [0x00BB3539+79161]
Ordinal0 [0x00D4D607+1758727]
GetHandleVerifier [0x00F56546+1050150]
GetHandleVerifier [0x00F56291+1049457]
GetHandleVerifier [0x00F610D7+1094071]
GetHandleVerifier [0x00F56B46+1051686]
Ordinal0 [0x00D45B06+1727238]
Ordinal0 [0x00D4EB7B+1764219]
Ordinal0 [0x00D4ECE3+1764579]
Ordinal0 [0x00D64C05+1854469]
BaseThreadInitThunk [0x74BA6359+25]
RtlGetAppContainerNamedObjectPath [0x77047C24+228]
RtlGetAppContainerNamedObjectPath [0x77047BF4+180]

at sun.reflect.NativeConstructorAccessorImpl.newInstance0(Native Method)
at sun.reflect.NativeConstructorAccessorImpl.newInstance(Unknown Source)
at sun.reflect.DelegatingConstructorAccessorImpl.newInstance(Unknown Source)
at java.lang.reflect.Constructor.newInstance(Unknown Source)
at org.openqa.selenium.remote.W3CHandshakeResponse.lambda$new$0(W3CHandshakeResponse.java:57)
at org.openqa.selenium.remote.W3CHandshakeResponse.lambda$getResponseFunction$2(W3CHandshakeResponse.java:104)
at org.openqa.selenium.remote.ProtocolHandshake.lambda$createSession$22(ProtocolHandshake.java:365)
at java.util.stream.ReferencePipeline$3$1.accept(Unknown Source)
at java.util.Spliterators$ArraySpliterator.tryAdvance(Unknown Source)
at java.util.stream.ReferencePipeline.forEachWithCancel(Unknown Source)
at java.util.stream.AbstractPipeline.copyIntoWithCancel(Unknown Source)
at java.util.stream.AbstractPipeline.copyInto(Unknown Source)
at java.util.stream.AbstractPipeline.wrapAndCopyInto(Unknown Source)
at java.util.stream.FindOps$FindOp.evaluateSequential(Unknown Source)
at java.util.stream.AbstractPipeline.evaluate(Unknown Source)
at java.util.stream.ReferencePipeline.findFirst(Unknown Source)
at org.openqa.selenium.remote.ProtocolHandshake.createSession(ProtocolHandshake.java:368)
at org.openqa.selenium.remote.ProtocolHandshake.createSession(ProtocolHandshake.java:159)
at org.openqa.selenium.remote.HttpCommandExecutor.execute(HttpCommandExecutor.java:142)
at org.openqa.selenium.remote.service.DriverCommandExecutor.execute(DriverCommandExecutor.java:82)
at org.openqa.selenium.remote.RemoteWebDriver.execute(RemoteWebDriver.java:637)
at org.openqa.selenium.remote.RemoteWebDriver.startSession(RemoteWebDriver.java:250)
at org.openqa.selenium.remote.RemoteWebDriver.startSession(RemoteWebDriver.java:236)
at org.openqa.selenium.remote.RemoteWebDriver.<init>(RemoteWebDriver.java:137)
at org.openqa.selenium.chrome.ChromeDriver.<init>(ChromeDriver.java:184)
at org.openqa.selenium.chrome.ChromeDriver.<init>(ChromeDriver.java:171)
at org.openqa.selenium.chrome.ChromeDriver.<init>(ChromeDriver.java:124)
at com.Salesforce.qa.testbase.TestBase.initialization(TestBase.java:58)
at com.Salesforce.qa.LoginTest.LoginPageTest.launchBrowserSetup(LoginPageTest.java:27)
at sun.reflect.NativeMethodAccessorImpl.invoke0(Native Method)
at sun.reflect.NativeMethodAccessorImpl.invoke(Unknown Source)
at sun.reflect.DelegatingMethodAccessorImpl.invoke(Unknown Source)
at java.lang.reflect.Method.invoke(Unknown Source)
at org.testng.internal.MethodInvocationHelper.invokeMethod(MethodInvocationHelper.java:124)
at org.testng.internal.MethodInvocationHelper.invokeMethodConsideringTimeout(MethodInvocationHelper.java:59)
at org.testng.internal.Invoker.invokeConfigurationMethod(Invoker.java:458)
at org.testng.internal.Invoker.invokeConfigurations(Invoker.java:222)
at org.testng.internal.Invoker.invokeMethod(Invoker.java:523)
at org.testng.internal.Invoker.invokeTestMethod(Invoker.java:719)
at org.testng.internal.Invoker.invokeTestMethods(Invoker.java:989)
at org.testng.internal.TestMethodWorker.invokeTestMethods(TestMethodWorker.java:125)
at org.testng.internal.TestMethodWorker.run(TestMethodWorker.java:109)
at org.testng.TestRunner.privateRun(TestRunner.java:648)
at org.testng.TestRunner.run(TestRunner.java:505)
at org.testng.SuiteRunner.runTest(SuiteRunner.java:455)
at org.testng.SuiteRunner.runSequentially(SuiteRunner.java:450)
at org.testng.SuiteRunner.privateRun(SuiteRunner.java:415)
at org.testng.SuiteRunner.run(SuiteRunner.java:364)
at org.testng.SuiteRunnerWorker.runSuite(SuiteRunnerWorker.java:52)
at org.testng.SuiteRunnerWorker.run(SuiteRunnerWorker.java:84)
at org.testng.TestNG.runSuitesSequentially(TestNG.java:1208)
at org.testng.TestNG.runSuitesLocally(TestNG.java:1137)
at org.testng.TestNG.runSuites(TestNG.java:1049)
at org.testng.TestNG.run(TestNG.java:1017)
at org.testng.remote.AbstractRemoteTestNG.run(AbstractRemoteTestNG.java:132)
at org.testng.remote.RemoteTestNG.initAndRun(RemoteTestNG.java:230)
at org.testng.remote.RemoteTestNG.main(RemoteTestNG.java:76)
]]>
    </failure>
  </testcase> <!-- @BeforeMethod launchBrowserSetup -->
  <testcase name="@AfterMethod tear" time="0.0" classname="com.Salesforce.qa.LoginTest.LoginPageTest">
    <skipped/>
  </testcase> <!-- @AfterMethod tear -->
  <testcase name="@BeforeMethod launchBrowserSetup" time="0.0" classname="com.Salesforce.qa.LoginTest.LoginPageTest">
    <skipped/>
  </testcase> <!-- @BeforeMethod launchBrowserSetup -->
  <testcase name="@AfterMethod tear" time="0.0" classname="com.Salesforce.qa.LoginTest.LoginPageTest">
    <skipped/>
  </testcase> <!-- @AfterMethod tear -->
  <testcase name="@BeforeMethod launchBrowserSetup" time="0.0" classname="com.Salesforce.qa.LoginTest.LoginPageTest">
    <skipped/>
  </testcase> <!-- @BeforeMethod launchBrowserSetup -->
  <testcase name="@AfterMethod tear" time="0.0" classname="com.Salesforce.qa.LoginTest.LoginPageTest">
    <skipped/>
  </testcase> <!-- @AfterMethod tear -->
  <testcase name="salesforceLogoTest" time="0.0" classname="com.Salesforce.qa.LoginTest.LoginPageTest">
    <skipped/>
  </testcase> <!-- salesforceLogoTest -->
  <testcase name="loginTest" time="0.0" classname="com.Salesforce.qa.LoginTest.LoginPageTest">
    <skipped/>
  </testcase> <!-- loginTest -->
  <testcase name="salesforceTitleTest" time="0.0" classname="com.Salesforce.qa.LoginTest.LoginPageTest">
    <skipped/>
  </testcase> <!-- salesforceTitleTest -->
</testsuite> <!-- Default test -->
