<?xml version="1.0" encoding="UTF-8"?>
<!-- Generated by org.testng.reporters.JUnitXMLReporter -->
<testsuite hostname="LAPTOP-3Q9FF48L" ignored="1" name="Salesforce application Test Cases" tests="5" failures="1" timestamp="17 Jun 2020 01:32:08 GMT" time="73.1" errors="0">
  <testcase name="salesforceLogoTest" time="1.472" classname="com.Salesforce.qa.LoginTest.LoginPageTest"/>
  <testcase name="verifyLogoIsDisplayedTest" time="2.869" classname="com.Salesforce.qa.HomePageTest.HomePageTest"/>
  <testcase name="loginTest" time="3.997" classname="com.Salesforce.qa.LoginTest.LoginPageTest"/>
  <testcase name="verifyContactsIsClickableTest" time="4.317" classname="com.Salesforce.qa.HomePageTest.HomePageTest"/>
  <testcase name="salesforceTitleTest" time="3.147" classname="com.Salesforce.qa.LoginTest.LoginPageTest">
    <failure type="java.lang.AssertionError" message="expected [Home Page ~ Salesforce - Developer Edition] but found []">
      <![CDATA[java.lang.AssertionError: expected [Home Page ~ Salesforce - Developer Edition] but found []
at com.Salesforce.qa.LoginTest.LoginPageTest.salesforceTitleTest(LoginPageTest.java:44)
... Removed 31 stack frames]]>
    </failure>
  </testcase> <!-- salesforceTitleTest -->
  <testcase name="@AfterSuite tearDown" time="0.0" classname="com.Salesforce.qa.testbase.TestBase">
    <ignored/>
  </testcase> <!-- @AfterSuite tearDown -->
</testsuite> <!-- Salesforce application Test Cases -->
