<?xml version="1.0" encoding="UTF-8"?>
<!-- Generated by org.testng.reporters.JUnitXMLReporter -->
<testsuite hostname="LAPTOP-3Q9FF48L" ignored="1" name="Salesforce application Test Cases" tests="5" failures="1" timestamp="17 Jun 2020 09:51:03 GMT" time="76.832" errors="0">
  <testcase name="salesforceLogoTest" time="1.401" classname="com.Salesforce.qa.LoginTest.LoginPageTest">
    <failure type="java.lang.AssertionError" message="expected [true] but found [false]">
      <![CDATA[java.lang.AssertionError: expected [true] but found [false]
at com.Salesforce.qa.LoginTest.LoginPageTest.salesforceLogoTest(LoginPageTest.java:36)
... Removed 29 stack frames]]>
    </failure>
  </testcase> <!-- salesforceLogoTest -->
  <testcase name="verifyLogoIsDisplayedTest" time="2.424" classname="com.Salesforce.qa.HomePageTest.HomePageTest"/>
  <testcase name="loginTest" time="2.783" classname="com.Salesforce.qa.LoginTest.LoginPageTest"/>
  <testcase name="verifyContactsIsClickableTest" time="3.22" classname="com.Salesforce.qa.HomePageTest.HomePageTest"/>
  <testcase name="salesforceTitleTest" time="9.614" classname="com.Salesforce.qa.LoginTest.LoginPageTest"/>
  <testcase name="@AfterSuite tearDown" time="0.0" classname="com.Salesforce.qa.testbase.TestBase">
    <ignored/>
  </testcase> <!-- @AfterSuite tearDown -->
</testsuite> <!-- Salesforce application Test Cases -->
